From 88874c8a516d2e7a5c94e432cc760c2265067d1a Mon Sep 17 00:00:00 2001
From: Jimmy Xiang <jxiang@cloudera.com>
Date: Tue, 18 Aug 2015 15:14:48 -0700
Subject: [PATCH 0234/1164] CLOUDERA-BUILD: CDH-29332: UT failure:
 TestSparkCliDriver

---
 .../test/resources/testconfiguration.properties    |    1 +
 .../spark/lateral_view_explode2.q.out              |   20 ++++++++------------
 2 files changed, 9 insertions(+), 12 deletions(-)

diff --git a/itests/src/test/resources/testconfiguration.properties b/itests/src/test/resources/testconfiguration.properties
index 0340578..326c839 100644
--- a/itests/src/test/resources/testconfiguration.properties
+++ b/itests/src/test/resources/testconfiguration.properties
@@ -719,6 +719,7 @@ spark.query.files=add_part_multiple.q, \
   join_thrift.q, \
   join_vc.q, \
   join_view.q, \
+  lateral_view_explode2.q, \
   leftsemijoin.q, \
   leftsemijoin_mr.q, \
   limit_partition_metadataonly.q, \
diff --git a/ql/src/test/results/clientpositive/spark/lateral_view_explode2.q.out b/ql/src/test/results/clientpositive/spark/lateral_view_explode2.q.out
index e2ef741..41d60f5 100644
--- a/ql/src/test/results/clientpositive/spark/lateral_view_explode2.q.out
+++ b/ql/src/test/results/clientpositive/spark/lateral_view_explode2.q.out
@@ -68,20 +68,16 @@ STAGE PLANS:
                 mode: mergepartial
                 outputColumnNames: _col0, _col1
                 Statistics: Num rows: 0 Data size: 0 Basic stats: NONE Column stats: COMPLETE
-                Select Operator
-                  expressions: _col0 (type: int), _col1 (type: int)
-                  outputColumnNames: _col0, _col1
+                Limit
+                  Number of rows: 3
                   Statistics: Num rows: 0 Data size: 0 Basic stats: NONE Column stats: COMPLETE
-                  Limit
-                    Number of rows: 3
+                  File Output Operator
+                    compressed: false
                     Statistics: Num rows: 0 Data size: 0 Basic stats: NONE Column stats: COMPLETE
-                    File Output Operator
-                      compressed: false
-                      Statistics: Num rows: 0 Data size: 0 Basic stats: NONE Column stats: COMPLETE
-                      table:
-                          input format: org.apache.hadoop.mapred.TextInputFormat
-                          output format: org.apache.hadoop.hive.ql.io.HiveIgnoreKeyTextOutputFormat
-                          serde: org.apache.hadoop.hive.serde2.lazy.LazySimpleSerDe
+                    table:
+                        input format: org.apache.hadoop.mapred.TextInputFormat
+                        output format: org.apache.hadoop.hive.ql.io.HiveIgnoreKeyTextOutputFormat
+                        serde: org.apache.hadoop.hive.serde2.lazy.LazySimpleSerDe
 
   Stage: Stage-0
     Fetch Operator
-- 
1.7.9.5

