From 181445b6d76276ef72c6b0de2dfef25c450cc0fa Mon Sep 17 00:00:00 2001
From: Peter Vary <pvary@cloudera.com>
Date: Fri, 18 Nov 2016 10:32:12 +0100
Subject: [PATCH 0825/1164] CDH-42809: HIVE-10644 create SHA2 UDF (Alexander
 Pivovarov, reviewed by Jason Dere)

q.out fix

Change-Id: Ife7864dc77241142178d4f56677fff0bb6e13961
---
 ql/src/test/results/clientpositive/udf_sha2.q.out |    4 ++--
 1 file changed, 2 insertions(+), 2 deletions(-)

diff --git a/ql/src/test/results/clientpositive/udf_sha2.q.out b/ql/src/test/results/clientpositive/udf_sha2.q.out
index e39da08..041e0f4 100644
--- a/ql/src/test/results/clientpositive/udf_sha2.q.out
+++ b/ql/src/test/results/clientpositive/udf_sha2.q.out
@@ -26,11 +26,11 @@ STAGE PLANS:
         TableScan
           alias: _dummy_table
           Row Limit Per Split: 1
-          Statistics: Num rows: 0 Data size: 1 Basic stats: PARTIAL Column stats: COMPLETE
+          Statistics: Num rows: 1 Data size: 1 Basic stats: COMPLETE Column stats: COMPLETE
           Select Operator
             expressions: 'b5d4045c3f466fa91fe2cc6abe79232a1a57cdf104f7a26e716e0a1e2789df78' (type: string)
             outputColumnNames: _col0
-            Statistics: Num rows: 0 Data size: 1 Basic stats: PARTIAL Column stats: COMPLETE
+            Statistics: Num rows: 1 Data size: 148 Basic stats: COMPLETE Column stats: COMPLETE
             ListSink
 
 PREHOOK: query: select
-- 
1.7.9.5

