From 01fe3d4ca44f37daf82d4cdefc0f4ba8363709ae Mon Sep 17 00:00:00 2001
From: Naveen Gangam <ngangam@cloudera.com>
Date: Wed, 30 Nov 2016 15:18:30 -0500
Subject: [PATCH 0846/1164] CDH-47726 HIVE-13904: Fixing a qtest failure

Change-Id: I97a6e3903f97c9508d5b627e9e46d5e44e04361d
---
 .../results/clientpositive/subquery_exists.q.out   |   22 ++++++++++----------
 1 file changed, 11 insertions(+), 11 deletions(-)

diff --git a/ql/src/test/results/clientpositive/subquery_exists.q.out b/ql/src/test/results/clientpositive/subquery_exists.q.out
index 62fd281..7648f12 100644
--- a/ql/src/test/results/clientpositive/subquery_exists.q.out
+++ b/ql/src/test/results/clientpositive/subquery_exists.q.out
@@ -232,37 +232,37 @@ STAGE PLANS:
             Statistics: Num rows: 500 Data size: 5312 Basic stats: COMPLETE Column stats: NONE
             Filter Operator
               predicate: value is not null (type: boolean)
-              Statistics: Num rows: 500 Data size: 5312 Basic stats: COMPLETE Column stats: NONE
+              Statistics: Num rows: 250 Data size: 2656 Basic stats: COMPLETE Column stats: NONE
               Select Operator
                 expressions: key (type: string), value (type: string)
                 outputColumnNames: _col0, _col1
-                Statistics: Num rows: 500 Data size: 5312 Basic stats: COMPLETE Column stats: NONE
+                Statistics: Num rows: 250 Data size: 2656 Basic stats: COMPLETE Column stats: NONE
                 Reduce Output Operator
                   key expressions: _col1 (type: string)
                   sort order: +
                   Map-reduce partition columns: _col1 (type: string)
-                  Statistics: Num rows: 500 Data size: 5312 Basic stats: COMPLETE Column stats: NONE
+                  Statistics: Num rows: 250 Data size: 2656 Basic stats: COMPLETE Column stats: NONE
                   value expressions: _col0 (type: string)
           TableScan
             alias: b
             Statistics: Num rows: 500 Data size: 5312 Basic stats: COMPLETE Column stats: NONE
             Filter Operator
               predicate: value is not null (type: boolean)
-              Statistics: Num rows: 500 Data size: 5312 Basic stats: COMPLETE Column stats: NONE
+              Statistics: Num rows: 250 Data size: 2656 Basic stats: COMPLETE Column stats: NONE
               Select Operator
                 expressions: value (type: string)
                 outputColumnNames: _col0
-                Statistics: Num rows: 500 Data size: 5312 Basic stats: COMPLETE Column stats: NONE
+                Statistics: Num rows: 250 Data size: 2656 Basic stats: COMPLETE Column stats: NONE
                 Group By Operator
                   keys: _col0 (type: string)
                   mode: hash
                   outputColumnNames: _col0
-                  Statistics: Num rows: 500 Data size: 5312 Basic stats: COMPLETE Column stats: NONE
+                  Statistics: Num rows: 250 Data size: 2656 Basic stats: COMPLETE Column stats: NONE
                   Reduce Output Operator
                     key expressions: _col0 (type: string)
                     sort order: +
                     Map-reduce partition columns: _col0 (type: string)
-                    Statistics: Num rows: 500 Data size: 5312 Basic stats: COMPLETE Column stats: NONE
+                    Statistics: Num rows: 250 Data size: 2656 Basic stats: COMPLETE Column stats: NONE
       Reduce Operator Tree:
         Join Operator
           condition map:
@@ -271,13 +271,13 @@ STAGE PLANS:
             0 _col1 (type: string)
             1 _col0 (type: string)
           outputColumnNames: _col0, _col1
-          Statistics: Num rows: 550 Data size: 5843 Basic stats: COMPLETE Column stats: NONE
+          Statistics: Num rows: 275 Data size: 2921 Basic stats: COMPLETE Column stats: NONE
           File Output Operator
             compressed: false
-            Statistics: Num rows: 550 Data size: 5843 Basic stats: COMPLETE Column stats: NONE
+            Statistics: Num rows: 275 Data size: 2921 Basic stats: COMPLETE Column stats: NONE
             table:
-                input format: org.apache.hadoop.mapred.SequenceFileInputFormat
-                output format: org.apache.hadoop.hive.ql.io.HiveSequenceFileOutputFormat
+                input format: org.apache.hadoop.mapred.TextInputFormat
+                output format: org.apache.hadoop.hive.ql.io.HiveIgnoreKeyTextOutputFormat
                 serde: org.apache.hadoop.hive.serde2.lazy.LazySimpleSerDe
 
   Stage: Stage-0
-- 
1.7.9.5

