From d08e61e1c03be52568e2793f9dea89344d3f42dc Mon Sep 17 00:00:00 2001
From: Miklos Csanady <miklos.csanady@cloudera.com>
Date: Thu, 8 Dec 2016 13:07:49 +0100
Subject: [PATCH 0864/1164] CDH-42811: HIVE-10641 create CRC32 UDF (Alexander
 Pivovarov, reviewed by Jason Dere)

  fixed udf_crc32.q.out

Change-Id: I0d7573d48f726bab65c0dca618c9f5d3ee877b42
---
 ql/src/test/results/clientpositive/udf_crc32.q.out |    4 ++--
 1 file changed, 2 insertions(+), 2 deletions(-)

diff --git a/ql/src/test/results/clientpositive/udf_crc32.q.out b/ql/src/test/results/clientpositive/udf_crc32.q.out
index 8280210..59fba15 100644
--- a/ql/src/test/results/clientpositive/udf_crc32.q.out
+++ b/ql/src/test/results/clientpositive/udf_crc32.q.out
@@ -28,11 +28,11 @@ STAGE PLANS:
         TableScan
           alias: _dummy_table
           Row Limit Per Split: 1
-          Statistics: Num rows: 0 Data size: 1 Basic stats: PARTIAL Column stats: COMPLETE
+          Statistics: Num rows: 1 Data size: 1 Basic stats: COMPLETE Column stats: COMPLETE
           Select Operator
             expressions: 2743272264 (type: bigint)
             outputColumnNames: _col0
-            Statistics: Num rows: 0 Data size: 1 Basic stats: PARTIAL Column stats: COMPLETE
+            Statistics: Num rows: 1 Data size: 8 Basic stats: COMPLETE Column stats: COMPLETE
             ListSink
 
 PREHOOK: query: select
-- 
1.7.9.5

